#
# There is insufficient memory for the Java Runtime Environment to continue.
# Native memory allocation (malloc) failed to allocate 1048576 bytes for AllocateHeap
# Possible reasons:
#   The system is out of physical RAM or swap space
#   The process is running with CompressedOops enabled, and the Java Heap may be blocking the growth of the native heap
# Possible solutions:
#   Reduce memory load on the system
#   Increase physical memory or swap space
#   Check if swap backing store is full
#   Decrease Java heap size (-Xmx/-Xms)
#   Decrease number of Java threads
#   Decrease Java thread stack sizes (-Xss)
#   Set larger code cache with -XX:ReservedCodeCacheSize=
#   JVM is running with Unscaled Compressed Oops mode in which the Java heap is
#     placed in the first 4GB address space. The Java Heap base address is the
#     maximum limit for the native heap growth. Please use -XX:HeapBaseMinAddress
#     to set the Java Heap base and to place the Java Heap above 4GB virtual address.
# This output file may be truncated or incomplete.
#
#  Out of Memory Error (memory/allocation.inline.hpp:61), pid=12628, tid=0x00000000000025c8
#
# JRE version:  (8.0_251-b08) (build )
# Java VM: Java HotSpot(TM) 64-Bit Server VM (25.251-b08 mixed mode windows-amd64 compressed oops)
# Failed to write core dump. Minidumps are not enabled by default on client versions of Windows
#

---------------  T H R E A D  ---------------

Current thread (0x0000000002b02800):  JavaThread "Unknown thread" [_thread_in_vm, id=9672, stack(0x0000000002970000,0x0000000002a70000)]

Stack: [0x0000000002970000,0x0000000002a70000]
[error occurred during error reporting (printing stack bounds), id 0xc0000005]

Native frames: (J=compiled Java code, j=interpreted, Vv=VM code, C=native code)


---------------  P R O C E S S  ---------------

Java Threads: ( => current thread )

Other Threads:

=>0x0000000002b02800 (exited) JavaThread "Unknown thread" [_thread_in_vm, id=9672, stack(0x0000000002970000,0x0000000002a70000)]

VM state:not at safepoint (normal execution)

VM Mutex/Monitor currently owned by a thread: None

heap address: 0x0000000081400000, size: 2028 MB, Compressed Oops mode: 32-bit
Narrow klass base: 0x0000000000000000, Narrow klass shift: 3
Compressed class space size: 1073741824 Address: 0x0000000100000000

Heap:
 PSYoungGen      total 38400K, used 665K [0x00000000d5c00000, 0x00000000d8680000, 0x0000000100000000)
  eden space 33280K, 2% used [0x00000000d5c00000,0x00000000d5ca6670,0x00000000d7c80000)
  from space 5120K, 0% used [0x00000000d8180000,0x00000000d8180000,0x00000000d8680000)
  to   space 5120K, 0% used [0x00000000d7c80000,0x00000000d7c80000,0x00000000d8180000)
 ParOldGen       total 87552K, used 0K [0x0000000081400000, 0x0000000086980000, 0x00000000d5c00000)
  object space 87552K, 0% used [0x0000000081400000,0x0000000081400000,0x0000000086980000)
 Metaspace       used 776K, capacity 4480K, committed 4480K, reserved 1056768K
  class space    used 76K, capacity 384K, committed 384K, reserved 1048576K

Card table byte_map: [0x0000000012050000,0x0000000012450000] byte_map_base: 0x0000000011c46000

Marking Bits: (ParMarkBitMap*) 0x000000007622af90
 Begin Bits: [0x0000000012f00000, 0x0000000014eb0000)
 End Bits:   [0x0000000014eb0000, 0x0000000016e60000)

Polling page: 0x0000000000c00000

CodeCache: size=245760Kb used=328Kb max_used=328Kb free=245431Kb
 bounds [0x0000000002c90000, 0x0000000002f00000, 0x0000000011c90000]
 total_blobs=58 nmethods=0 adapters=38
 compilation: enabled

Compilation events (0 events):
No events

GC Heap History (0 events):
No events

Deoptimization events (0 events):
No events

Classes redefined (0 events):
No events

Internal exceptions (0 events):
No events

Events (10 events):
Event: 0.028 loading class java/lang/Short
Event: 0.028 loading class java/lang/Short done
Event: 0.028 loading class java/lang/Integer
Event: 0.028 loading class java/lang/Integer done
Event: 0.028 loading class java/lang/Long
Event: 0.028 loading class java/lang/Long done
Event: 0.029 loading class java/lang/NullPointerException
Event: 0.030 loading class java/lang/NullPointerException done
Event: 0.030 loading class java/lang/ArithmeticException
Event: 0.030 loading class java/lang/ArithmeticException done


Dynamic libraries:
0x00007ff6412b0000 - 0x00007ff6412e7000 	C:\Program Files\Java\jdk1.8.0_251\bin\java.exe
0x00007ff9d5590000 - 0x00007ff9d577d000 	C:\Windows\SYSTEM32\ntdll.dll
0x00007ff9d2c90000 - 0x00007ff9d2d43000 	C:\Windows\System32\KERNEL32.DLL
0x00007ff9d2470000 - 0x00007ff9d2703000 	C:\Windows\System32\KERNELBASE.dll
0x00007ff9d54b0000 - 0x00007ff9d5553000 	C:\Windows\System32\ADVAPI32.dll
0x00007ff9d33b0000 - 0x00007ff9d344e000 	C:\Windows\System32\msvcrt.dll
0x00007ff9d27c0000 - 0x00007ff9d285e000 	C:\Windows\System32\sechost.dll
0x00007ff9d3c10000 - 0x00007ff9d3d32000 	C:\Windows\System32\RPCRT4.dll
0x00007ff9d2af0000 - 0x00007ff9d2c87000 	C:\Windows\System32\USER32.dll
0x00007ff9d22a0000 - 0x00007ff9d22c0000 	C:\Windows\System32\win32u.dll
0x00007ff9d3460000 - 0x00007ff9d3489000 	C:\Windows\System32\GDI32.dll
0x00007ff9d2040000 - 0x00007ff9d21da000 	C:\Windows\System32\gdi32full.dll
0x00007ff9d2200000 - 0x00007ff9d22a0000 	C:\Windows\System32\msvcp_win.dll
0x00007ff9d22c0000 - 0x00007ff9d23bc000 	C:\Windows\System32\ucrtbase.dll
0x00007ff9c5b40000 - 0x00007ff9c5db9000 	C:\Windows\WinSxS\amd64_microsoft.windows.common-controls_6595b64144ccf1df_6.0.17763.316_none_05b53be2071f46b6\COMCTL32.dll
0x00007ff9d3020000 - 0x00007ff9d334d000 	C:\Windows\System32\combase.dll
0x00007ff9d1fc0000 - 0x00007ff9d203e000 	C:\Windows\System32\bcryptPrimitives.dll
0x00007ff9d2ff0000 - 0x00007ff9d301e000 	C:\Windows\System32\IMM32.DLL
0x00000000762b0000 - 0x0000000076382000 	C:\Program Files\Java\jdk1.8.0_251\jre\bin\msvcr100.dll
0x0000000075a00000 - 0x00000000762ab000 	C:\Program Files\Java\jdk1.8.0_251\jre\bin\server\jvm.dll
0x00007ff9d35a0000 - 0x00007ff9d35a8000 	C:\Windows\System32\PSAPI.DLL
0x00007ff9c8ec0000 - 0x00007ff9c8ee4000 	C:\Windows\SYSTEM32\WINMM.dll
0x00007ff9d0150000 - 0x00007ff9d0159000 	C:\Windows\SYSTEM32\WSOCK32.dll
0x00007ff9ca400000 - 0x00007ff9ca40a000 	C:\Windows\SYSTEM32\VERSION.dll
0x00007ff9d3d40000 - 0x00007ff9d3dad000 	C:\Windows\System32\WS2_32.dll
0x00007ff9c8b40000 - 0x00007ff9c8b6d000 	C:\Windows\SYSTEM32\WINMMBASE.dll
0x00007ff9d23c0000 - 0x00007ff9d240a000 	C:\Windows\System32\cfgmgr32.dll
0x00007ff9cc8c0000 - 0x00007ff9cc8cf000 	C:\Program Files\Java\jdk1.8.0_251\jre\bin\verify.dll
0x00007ff9caae0000 - 0x00007ff9cab09000 	C:\Program Files\Java\jdk1.8.0_251\jre\bin\java.dll
0x00007ff9cb840000 - 0x00007ff9cb856000 	C:\Program Files\Java\jdk1.8.0_251\jre\bin\zip.dll

VM Arguments:
jvm_args: -Djava.util.logging.config.file=C:\Users\ADMIN\AppData\Local\JetBrains\IntelliJIdea2021.2\tomcat\db0f5ae0-da63-4468-b366-8f3e71a032c5\conf\logging.properties -Djava.util.logging.manager=org.apache.juli.ClassLoaderLogManager -Djdk.tls.ephemeralDHKeySize=2048 -Djava.protocol.handler.pkgs=org.apache.catalina.webresources -Dignore.endorsed.dirs= -Dcatalina.base=C:\Users\ADMIN\AppData\Local\JetBrains\IntelliJIdea2021.2\tomcat\db0f5ae0-da63-4468-b366-8f3e71a032c5 -Dcatalina.home=D:\CodeGym\module3\Apache Tomcat\apache-tomcat-9.0.62 -Djava.io.tmpdir=D:\CodeGym\module3\Apache Tomcat\apache-tomcat-9.0.62\temp 
java_command: org.apache.catalina.startup.Bootstrap stop
java_class_path (initial): D:\CodeGym\module3\Apache Tomcat\apache-tomcat-9.0.62\bin\bootstrap.jar;D:\CodeGym\module3\Apache Tomcat\apache-tomcat-9.0.62\bin\tomcat-juli.jar
Launcher Type: SUN_STANDARD

Environment Variables:
JAVA_HOME=C:\Program Files\Java\jdk1.8.0_251
JRE_HOME=C:\Program Files\Java\jdk1.8.0_251
CLASSPATH=D:\CodeGym\module3\Apache Tomcat\apache-tomcat-9.0.62\bin\bootstrap.jar;D:\CodeGym\module3\Apache Tomcat\apache-tomcat-9.0.62\bin\tomcat-juli.jar
PATH=D:\Software\bin;C:\Windows\system32;C:\Windows;C:\Windows\System32\Wbem;C:\Windows\System32\WindowsPowerShell\v1.0\;C:\Windows\System32\OpenSSH\;C:\Program Files (x86)\NVIDIA Corporation\PhysX\Common;C:\Program Files\NVIDIA Corporation\NVIDIA NvDLISR;C:\Program Files\Java\jdk-16.0.2\bin;C:\Program Files\Git\cmd;C:\Program Files\TortoiseGit\bin;D:\Ph?n m?m\Windows Performance Toolkit\;C:\Users\ADMIN\AppData\Local\Microsoft\WindowsApps;;C:\Users\ADMIN\AppData\Local\Programs\Microsoft VS Code\bin
USERNAME=ADMIN
OS=Windows_NT
PROCESSOR_IDENTIFIER=Intel64 Family 6 Model 60 Stepping 3, GenuineIntel



---------------  S Y S T E M  ---------------

OS: Windows 10.0 , 64 bit Build 17763 (10.0.17763.292)

CPU:total 8 (initial active 8) (4 cores per cpu, 2 threads per core) family 6 model 60 stepping 3, cmov, cx8, fxsr, mmx, sse, sse2, sse3, ssse3, sse4.1, sse4.2, popcnt, avx, avx2, aes, clmul, erms, lzcnt, ht, tsc, tscinvbit, bmi1, bmi2

Memory: 4k page, physical 8302420k(551524k free), swap 12496724k(5476k free)

vm_info: Java HotSpot(TM) 64-Bit Server VM (25.251-b08) for windows-amd64 JRE (1.8.0_251-b08), built on Mar 12 2020 06:31:49 by "" with MS VC++ 10.0 (VS2010)

time: Tue Apr 12 16:52:02 2022
timezone: SE Asia Standard Time
elapsed time: 0 seconds (0d 0h 0m 0s)

